[debug] [2025-11-30T18:15:42.954Z] [Firebase Plugin] Activating Firebase extension.
[info] [Firebase Plugin] Checked firebase-tools, is up to date!
[debug] [2025-11-30T18:15:46.224Z] [Firebase Plugin] requireAuthWrapper
[debug] [2025-11-30T18:15:46.225Z] > command requires scopes: ["email","openid","https://www.googleapis.com/auth/cloudplatformprojects.readonly","https://www.googleapis.com/auth/firebase","https://www.googleapis.com/auth/cloud-platform"]
[debug] [2025-11-30T18:15:46.225Z] > authorizing via signed-in user (jbento1@gmail.com)
[debug] [2025-11-30T18:15:46.227Z] Checked if tokens are valid: false, expires at: 1764526937461
[debug] [2025-11-30T18:15:46.228Z] Checked if tokens are valid: false, expires at: 1764526937461
[debug] [2025-11-30T18:15:46.228Z] > refreshing access token with scopes: []
[debug] [2025-11-30T18:15:46.229Z] >>> [apiv2][query] POST https://www.googleapis.com/oauth2/v3/token [none]
[debug] [2025-11-30T18:15:46.229Z] >>> [apiv2][body] POST https://www.googleapis.com/oauth2/v3/token [omitted]
[debug] [2025-11-30T18:15:46.234Z] [Firebase Plugin] VSCode notification server listening on port 40001
[info] [Firebase Plugin] Starting Data Connect toolkit (version 2.17.0) on port 50001
[debug] [2025-11-30T18:15:46.535Z] 'fdc build' failed with error: Unable to build your Data Connect schema and connectors (exit code 1): E1130 15:15:46.534020   79095 cmd.go:43] Error loading data connect config: could not find dataconnect.yaml in `/Users/jbento1gmail.com/Documents/PROJETOS/WebQuizMedicina/WebQuizMedicina/dataconnect`
 {"metadata":{"emulator":{"name":"dataconnect"},"message":"'fdc build' failed with error: Unable to build your Data Connect schema and connectors (exit code 1): E1130 15:15:46.534020   79095 cmd.go:43] Error loading data connect config: could not find dataconnect.yaml in `/Users/jbento1gmail.com/Documents/PROJETOS/WebQuizMedicina/WebQuizMedicina/dataconnect`\n"}}
[debug] [2025-11-30T18:15:46.536Z] Ignoring unsupported arg: auto_download {"metadata":{"emulator":{"name":"dataconnect"},"message":"Ignoring unsupported arg: auto_download"}}
[debug] [2025-11-30T18:15:46.536Z] Ignoring unsupported arg: port {"metadata":{"emulator":{"name":"dataconnect"},"message":"Ignoring unsupported arg: port"}}
[debug] [2025-11-30T18:15:46.536Z] Starting Data Connect Emulator with command {"binary":"/Users/jbento1gmail.com/.cache/firebase/emulators/dataconnect-emulator-2.17.0","args":["--logtostderr","-v=2","dev","--listen=localhost:50001","--config_dir=/Users/jbento1gmail.com/Documents/PROJETOS/WebQuizMedicina/WebQuizMedicina/dataconnect","--enable_output_schema_extensions=true","--enable_output_generated_sdk=true"],"optionalArgs":["listen","config_dir","enable_output_schema_extensions","enable_output_generated_sdk"],"joinArgs":true,"shell":false,"port":9399} {"metadata":{"emulator":{"name":"dataconnect"},"message":"Starting Data Connect Emulator with command {\"binary\":\"/Users/jbento1gmail.com/.cache/firebase/emulators/dataconnect-emulator-2.17.0\",\"args\":[\"--logtostderr\",\"-v=2\",\"dev\",\"--listen=localhost:50001\",\"--config_dir=/Users/jbento1gmail.com/Documents/PROJETOS/WebQuizMedicina/WebQuizMedicina/dataconnect\",\"--enable_output_schema_extensions=true\",\"--enable_output_generated_sdk=true\"],\"optionalArgs\":[\"listen\",\"config_dir\",\"enable_output_schema_extensions\",\"enable_output_generated_sdk\"],\"joinArgs\":true,\"shell\":false,\"port\":9399}"}}
[info] i  dataconnect: Data Connect Emulator logging to dataconnect-debug.log {"metadata":{"emulator":{"name":"dataconnect"},"message":"Data Connect Emulator logging to dataconnect-debug.log"}}
[debug] [2025-11-30T18:15:46.576Z] E1130 15:15:46.575641   79096 dev.go:82] Failed to load initial config from "/Users/jbento1gmail.com/Documents/PROJETOS/WebQuizMedicina/WebQuizMedicina/dataconnect": could not find dataconnect.yaml in `/Users/jbento1gmail.com/Documents/PROJETOS/WebQuizMedicina/WebQuizMedicina/dataconnect`
 {"metadata":{"emulator":{"name":"dataconnect"},"message":"E1130 15:15:46.575641   79096 dev.go:82] Failed to load initial config from \"/Users/jbento1gmail.com/Documents/PROJETOS/WebQuizMedicina/WebQuizMedicina/dataconnect\": could not find dataconnect.yaml in `/Users/jbento1gmail.com/Documents/PROJETOS/WebQuizMedicina/WebQuizMedicina/dataconnect`\n"}}
[debug] [2025-11-30T18:15:46.576Z] E1130 15:15:46.576439   79096 watch.go:102] watchAllDir unable to walk dir `/Users/jbento1gmail.com/Documents/PROJETOS/WebQuizMedicina/WebQuizMedicina/dataconnect`: lstat /Users/jbento1gmail.com/Documents/PROJETOS/WebQuizMedicina/WebQuizMedicina/dataconnect: no such file or directory
 {"metadata":{"emulator":{"name":"dataconnect"},"message":"E1130 15:15:46.576439   79096 watch.go:102] watchAllDir unable to walk dir `/Users/jbento1gmail.com/Documents/PROJETOS/WebQuizMedicina/WebQuizMedicina/dataconnect`: lstat /Users/jbento1gmail.com/Documents/PROJETOS/WebQuizMedicina/WebQuizMedicina/dataconnect: no such file or directory\n"}}
[debug] [2025-11-30T18:15:46.580Z] I1130 15:15:46.579297   79096 dev.go:105] Listening on address (HTTP + gRPC): 127.0.0.1:50001
 {"metadata":{"emulator":{"name":"dataconnect"},"message":"I1130 15:15:46.579297   79096 dev.go:105] Listening on address (HTTP + gRPC): 127.0.0.1:50001\n"}}
[debug] [2025-11-30T18:15:46.646Z] <<< [apiv2][status] POST https://www.googleapis.com/oauth2/v3/token 200
[debug] [2025-11-30T18:15:46.646Z] <<< [apiv2][body] POST https://www.googleapis.com/oauth2/v3/token [omitted]
[debug] [2025-11-30T18:15:46.659Z] [Firebase Plugin] User found:  jbento1@gmail.com
[info] [Firebase Plugin] (Core:Project) New user detected, fetching projects
[debug] [2025-11-30T18:15:46.659Z] Checked if tokens are valid: true, expires at: 1764530145646
[debug] [2025-11-30T18:15:46.660Z] >>> [apiv2][query] GET https://firebase.googleapis.com/v1beta1/projects pageSize=1000
[error] [Firebase Plugin] error:  {}
[debug] [2025-11-30T18:15:47.610Z] <<< [apiv2][status] GET https://firebase.googleapis.com/v1beta1/projects 200
[debug] [2025-11-30T18:15:47.610Z] <<< [apiv2][body] GET https://firebase.googleapis.com/v1beta1/projects [omitted]
[debug] [2025-11-30T18:15:56.578Z] E1130 15:15:56.578175   79096 watch.go:31] Failed to load config from "/Users/jbento1gmail.com/Documents/PROJETOS/WebQuizMedicina/WebQuizMedicina/dataconnect": could not find dataconnect.yaml in `/Users/jbento1gmail.com/Documents/PROJETOS/WebQuizMedicina/WebQuizMedicina/dataconnect`
 {"metadata":{"emulator":{"name":"dataconnect"},"message":"E1130 15:15:56.578175   79096 watch.go:31] Failed to load config from \"/Users/jbento1gmail.com/Documents/PROJETOS/WebQuizMedicina/WebQuizMedicina/dataconnect\": could not find dataconnect.yaml in `/Users/jbento1gmail.com/Documents/PROJETOS/WebQuizMedicina/WebQuizMedicina/dataconnect`\n"}}
[debug] [2025-11-30T18:16:06.578Z] E1130 15:16:06.578600   79096 watch.go:31] Failed to load config from "/Users/jbento1gmail.com/Documents/PROJETOS/WebQuizMedicina/WebQuizMedicina/dataconnect": could not find dataconnect.yaml in `/Users/jbento1gmail.com/Documents/PROJETOS/WebQuizMedicina/WebQuizMedicina/dataconnect`
 {"metadata":{"emulator":{"name":"dataconnect"},"message":"E1130 15:16:06.578600   79096 watch.go:31] Failed to load config from \"/Users/jbento1gmail.com/Documents/PROJETOS/WebQuizMedicina/WebQuizMedicina/dataconnect\": could not find dataconnect.yaml in `/Users/jbento1gmail.com/Documents/PROJETOS/WebQuizMedicina/WebQuizMedicina/dataconnect`\n"}}
[debug] [2025-11-30T18:16:16.579Z] E1130 15:16:16.578764   79096 watch.go:31] Failed to load config from "/Users/jbento1gmail.com/Documents/PROJETOS/WebQuizMedicina/WebQuizMedicina/dataconnect": could not find dataconnect.yaml in `/Users/jbento1gmail.com/Documents/PROJETOS/WebQuizMedicina/WebQuizMedicina/dataconnect`
 {"metadata":{"emulator":{"name":"dataconnect"},"message":"E1130 15:16:16.578764   79096 watch.go:31] Failed to load config from \"/Users/jbento1gmail.com/Documents/PROJETOS/WebQuizMedicina/WebQuizMedicina/dataconnect\": could not find dataconnect.yaml in `/Users/jbento1gmail.com/Documents/PROJETOS/WebQuizMedicina/WebQuizMedicina/dataconnect`\n"}}
[debug] [2025-11-30T18:16:26.578Z] E1130 15:16:26.578600   79096 watch.go:31] Failed to load config from "/Users/jbento1gmail.com/Documents/PROJETOS/WebQuizMedicina/WebQuizMedicina/dataconnect": could not find dataconnect.yaml in `/Users/jbento1gmail.com/Documents/PROJETOS/WebQuizMedicina/WebQuizMedicina/dataconnect`
 {"metadata":{"emulator":{"name":"dataconnect"},"message":"E1130 15:16:26.578600   79096 watch.go:31] Failed to load config from \"/Users/jbento1gmail.com/Documents/PROJETOS/WebQuizMedicina/WebQuizMedicina/dataconnect\": could not find dataconnect.yaml in `/Users/jbento1gmail.com/Documents/PROJETOS/WebQuizMedicina/WebQuizMedicina/dataconnect`\n"}}
[debug] [2025-11-30T18:16:36.578Z] E1130 15:16:36.578790   79096 watch.go:31] Failed to load config from "/Users/jbento1gmail.com/Documents/PROJETOS/WebQuizMedicina/WebQuizMedicina/dataconnect": could not find dataconnect.yaml in `/Users/jbento1gmail.com/Documents/PROJETOS/WebQuizMedicina/WebQuizMedicina/dataconnect`
 {"metadata":{"emulator":{"name":"dataconnect"},"message":"E1130 15:16:36.578790   79096 watch.go:31] Failed to load config from \"/Users/jbento1gmail.com/Documents/PROJETOS/WebQuizMedicina/WebQuizMedicina/dataconnect\": could not find dataconnect.yaml in `/Users/jbento1gmail.com/Documents/PROJETOS/WebQuizMedicina/WebQuizMedicina/dataconnect`\n"}}
[debug] [2025-11-30T18:16:46.579Z] E1130 15:16:46.579111   79096 watch.go:31] Failed to load config from "/Users/jbento1gmail.com/Documents/PROJETOS/WebQuizMedicina/WebQuizMedicina/dataconnect": could not find dataconnect.yaml in `/Users/jbento1gmail.com/Documents/PROJETOS/WebQuizMedicina/WebQuizMedicina/dataconnect`
 {"metadata":{"emulator":{"name":"dataconnect"},"message":"E1130 15:16:46.579111   79096 watch.go:31] Failed to load config from \"/Users/jbento1gmail.com/Documents/PROJETOS/WebQuizMedicina/WebQuizMedicina/dataconnect\": could not find dataconnect.yaml in `/Users/jbento1gmail.com/Documents/PROJETOS/WebQuizMedicina/WebQuizMedicina/dataconnect`\n"}}
[debug] [2025-11-30T18:16:56.579Z] E1130 15:16:56.579642   79096 watch.go:31] Failed to load config from "/Users/jbento1gmail.com/Documents/PROJETOS/WebQuizMedicina/WebQuizMedicina/dataconnect": could not find dataconnect.yaml in `/Users/jbento1gmail.com/Documents/PROJETOS/WebQuizMedicina/WebQuizMedicina/dataconnect`
 {"metadata":{"emulator":{"name":"dataconnect"},"message":"E1130 15:16:56.579642   79096 watch.go:31] Failed to load config from \"/Users/jbento1gmail.com/Documents/PROJETOS/WebQuizMedicina/WebQuizMedicina/dataconnect\": could not find dataconnect.yaml in `/Users/jbento1gmail.com/Documents/PROJETOS/WebQuizMedicina/WebQuizMedicina/dataconnect`\n"}}
[debug] [2025-11-30T18:17:06.580Z] E1130 15:17:06.579878   79096 watch.go:31] Failed to load config from "/Users/jbento1gmail.com/Documents/PROJETOS/WebQuizMedicina/WebQuizMedicina/dataconnect": could not find dataconnect.yaml in `/Users/jbento1gmail.com/Documents/PROJETOS/WebQuizMedicina/WebQuizMedicina/dataconnect`
 {"metadata":{"emulator":{"name":"dataconnect"},"message":"E1130 15:17:06.579878   79096 watch.go:31] Failed to load config from \"/Users/jbento1gmail.com/Documents/PROJETOS/WebQuizMedicina/WebQuizMedicina/dataconnect\": could not find dataconnect.yaml in `/Users/jbento1gmail.com/Documents/PROJETOS/WebQuizMedicina/WebQuizMedicina/dataconnect`\n"}}
[debug] [2025-11-30T18:17:16.580Z] E1130 15:17:16.579825   79096 watch.go:31] Failed to load config from "/Users/jbento1gmail.com/Documents/PROJETOS/WebQuizMedicina/WebQuizMedicina/dataconnect": could not find dataconnect.yaml in `/Users/jbento1gmail.com/Documents/PROJETOS/WebQuizMedicina/WebQuizMedicina/dataconnect`
 {"metadata":{"emulator":{"name":"dataconnect"},"message":"E1130 15:17:16.579825   79096 watch.go:31] Failed to load config from \"/Users/jbento1gmail.com/Documents/PROJETOS/WebQuizMedicina/WebQuizMedicina/dataconnect\": could not find dataconnect.yaml in `/Users/jbento1gmail.com/Documents/PROJETOS/WebQuizMedicina/WebQuizMedicina/dataconnect`\n"}}
[info] [Firebase Plugin] Stopping Data Connect toolkit
[warn] ⚠  Data Connect Emulator has exited upon receiving signal: SIGINT 
[debug] [2025-11-30T18:17:39.486Z] [Firebase Plugin] Activating Firebase extension.
[info] [Firebase Plugin] Checked firebase-tools, is up to date!
[debug] [2025-11-30T18:17:42.836Z] [Firebase Plugin] requireAuthWrapper
[debug] [2025-11-30T18:17:42.837Z] > command requires scopes: ["email","openid","https://www.googleapis.com/auth/cloudplatformprojects.readonly","https://www.googleapis.com/auth/firebase","https://www.googleapis.com/auth/cloud-platform"]
[debug] [2025-11-30T18:17:42.837Z] > authorizing via signed-in user (jbento1@gmail.com)
[debug] [2025-11-30T18:17:42.840Z] Checked if tokens are valid: true, expires at: 1764530145646
[debug] [2025-11-30T18:17:42.840Z] Checked if tokens are valid: true, expires at: 1764530145646
[debug] [2025-11-30T18:17:42.840Z] [Firebase Plugin] User found:  jbento1@gmail.com
[info] [Firebase Plugin] (Core:Project) New user detected, fetching projects
[debug] [2025-11-30T18:17:42.841Z] Checked if tokens are valid: true, expires at: 1764530145646
[debug] [2025-11-30T18:17:42.841Z] >>> [apiv2][query] GET https://firebase.googleapis.com/v1beta1/projects pageSize=1000
[debug] [2025-11-30T18:17:42.847Z] [Firebase Plugin] VSCode notification server listening on port 40001
[info] [Firebase Plugin] Starting Data Connect toolkit (version 2.17.0) on port 50001
[debug] [2025-11-30T18:17:43.194Z] 'fdc build' failed with error: Unable to build your Data Connect schema and connectors (exit code 1): E1130 15:17:43.191506   80118 cmd.go:43] Error loading data connect config: could not find dataconnect.yaml in `/Users/jbento1gmail.com/Documents/PROJETOS/WebQuizMedicina/WebQuizMedicina/dataconnect`
 {"metadata":{"emulator":{"name":"dataconnect"},"message":"'fdc build' failed with error: Unable to build your Data Connect schema and connectors (exit code 1): E1130 15:17:43.191506   80118 cmd.go:43] Error loading data connect config: could not find dataconnect.yaml in `/Users/jbento1gmail.com/Documents/PROJETOS/WebQuizMedicina/WebQuizMedicina/dataconnect`\n"}}
[debug] [2025-11-30T18:17:43.195Z] Ignoring unsupported arg: auto_download {"metadata":{"emulator":{"name":"dataconnect"},"message":"Ignoring unsupported arg: auto_download"}}
[debug] [2025-11-30T18:17:43.195Z] Ignoring unsupported arg: port {"metadata":{"emulator":{"name":"dataconnect"},"message":"Ignoring unsupported arg: port"}}
[debug] [2025-11-30T18:17:43.195Z] Starting Data Connect Emulator with command {"binary":"/Users/jbento1gmail.com/.cache/firebase/emulators/dataconnect-emulator-2.17.0","args":["--logtostderr","-v=2","dev","--listen=localhost:50001","--config_dir=/Users/jbento1gmail.com/Documents/PROJETOS/WebQuizMedicina/WebQuizMedicina/dataconnect","--enable_output_schema_extensions=true","--enable_output_generated_sdk=true"],"optionalArgs":["listen","config_dir","enable_output_schema_extensions","enable_output_generated_sdk"],"joinArgs":true,"shell":false,"port":9399} {"metadata":{"emulator":{"name":"dataconnect"},"message":"Starting Data Connect Emulator with command {\"binary\":\"/Users/jbento1gmail.com/.cache/firebase/emulators/dataconnect-emulator-2.17.0\",\"args\":[\"--logtostderr\",\"-v=2\",\"dev\",\"--listen=localhost:50001\",\"--config_dir=/Users/jbento1gmail.com/Documents/PROJETOS/WebQuizMedicina/WebQuizMedicina/dataconnect\",\"--enable_output_schema_extensions=true\",\"--enable_output_generated_sdk=true\"],\"optionalArgs\":[\"listen\",\"config_dir\",\"enable_output_schema_extensions\",\"enable_output_generated_sdk\"],\"joinArgs\":true,\"shell\":false,\"port\":9399}"}}
[info] i  dataconnect: Data Connect Emulator logging to dataconnect-debug.log {"metadata":{"emulator":{"name":"dataconnect"},"message":"Data Connect Emulator logging to dataconnect-debug.log"}}
[debug] [2025-11-30T18:17:43.243Z] E1130 15:17:43.241744   80119 dev.go:82] Failed to load initial config from "/Users/jbento1gmail.com/Documents/PROJETOS/WebQuizMedicina/WebQuizMedicina/dataconnect": could not find dataconnect.yaml in `/Users/jbento1gmail.com/Documents/PROJETOS/WebQuizMedicina/WebQuizMedicina/dataconnect`
 {"metadata":{"emulator":{"name":"dataconnect"},"message":"E1130 15:17:43.241744   80119 dev.go:82] Failed to load initial config from \"/Users/jbento1gmail.com/Documents/PROJETOS/WebQuizMedicina/WebQuizMedicina/dataconnect\": could not find dataconnect.yaml in `/Users/jbento1gmail.com/Documents/PROJETOS/WebQuizMedicina/WebQuizMedicina/dataconnect`\n"}}
[debug] [2025-11-30T18:17:43.244Z] E1130 15:17:43.243992   80119 watch.go:102] watchAllDir unable to walk dir `/Users/jbento1gmail.com/Documents/PROJETOS/WebQuizMedicina/WebQuizMedicina/dataconnect`: lstat /Users/jbento1gmail.com/Documents/PROJETOS/WebQuizMedicina/WebQuizMedicina/dataconnect: no such file or directory
 {"metadata":{"emulator":{"name":"dataconnect"},"message":"E1130 15:17:43.243992   80119 watch.go:102] watchAllDir unable to walk dir `/Users/jbento1gmail.com/Documents/PROJETOS/WebQuizMedicina/WebQuizMedicina/dataconnect`: lstat /Users/jbento1gmail.com/Documents/PROJETOS/WebQuizMedicina/WebQuizMedicina/dataconnect: no such file or directory\n"}}
[debug] [2025-11-30T18:17:43.246Z] I1130 15:17:43.246597   80119 dev.go:105] Listening on address (HTTP + gRPC): 127.0.0.1:50001
 {"metadata":{"emulator":{"name":"dataconnect"},"message":"I1130 15:17:43.246597   80119 dev.go:105] Listening on address (HTTP + gRPC): 127.0.0.1:50001\n"}}
[error] [Firebase Plugin] error:  {}
[debug] [2025-11-30T18:17:43.999Z] <<< [apiv2][status] GET https://firebase.googleapis.com/v1beta1/projects 200
[debug] [2025-11-30T18:17:43.999Z] <<< [apiv2][body] GET https://firebase.googleapis.com/v1beta1/projects [omitted]
[debug] [2025-11-30T18:17:53.225Z] E1130 15:17:53.225025   80119 watch.go:31] Failed to load config from "/Users/jbento1gmail.com/Documents/PROJETOS/WebQuizMedicina/WebQuizMedicina/dataconnect": could not find dataconnect.yaml in `/Users/jbento1gmail.com/Documents/PROJETOS/WebQuizMedicina/WebQuizMedicina/dataconnect`
 {"metadata":{"emulator":{"name":"dataconnect"},"message":"E1130 15:17:53.225025   80119 watch.go:31] Failed to load config from \"/Users/jbento1gmail.com/Documents/PROJETOS/WebQuizMedicina/WebQuizMedicina/dataconnect\": could not find dataconnect.yaml in `/Users/jbento1gmail.com/Documents/PROJETOS/WebQuizMedicina/WebQuizMedicina/dataconnect`\n"}}
[debug] [2025-11-30T18:18:03.212Z] E1130 15:18:03.212418   80119 watch.go:31] Failed to load config from "/Users/jbento1gmail.com/Documents/PROJETOS/WebQuizMedicina/WebQuizMedicina/dataconnect": could not find dataconnect.yaml in `/Users/jbento1gmail.com/Documents/PROJETOS/WebQuizMedicina/WebQuizMedicina/dataconnect`
 {"metadata":{"emulator":{"name":"dataconnect"},"message":"E1130 15:18:03.212418   80119 watch.go:31] Failed to load config from \"/Users/jbento1gmail.com/Documents/PROJETOS/WebQuizMedicina/WebQuizMedicina/dataconnect\": could not find dataconnect.yaml in `/Users/jbento1gmail.com/Documents/PROJETOS/WebQuizMedicina/WebQuizMedicina/dataconnect`\n"}}
[debug] [2025-11-30T18:18:13.206Z] E1130 15:18:13.206043   80119 watch.go:31] Failed to load config from "/Users/jbento1gmail.com/Documents/PROJETOS/WebQuizMedicina/WebQuizMedicina/dataconnect": could not find dataconnect.yaml in `/Users/jbento1gmail.com/Documents/PROJETOS/WebQuizMedicina/WebQuizMedicina/dataconnect`
 {"metadata":{"emulator":{"name":"dataconnect"},"message":"E1130 15:18:13.206043   80119 watch.go:31] Failed to load config from \"/Users/jbento1gmail.com/Documents/PROJETOS/WebQuizMedicina/WebQuizMedicina/dataconnect\": could not find dataconnect.yaml in `/Users/jbento1gmail.com/Documents/PROJETOS/WebQuizMedicina/WebQuizMedicina/dataconnect`\n"}}
[debug] [2025-11-30T18:18:23.203Z] E1130 15:18:23.202789   80119 watch.go:31] Failed to load config from "/Users/jbento1gmail.com/Documents/PROJETOS/WebQuizMedicina/WebQuizMedicina/dataconnect": could not find dataconnect.yaml in `/Users/jbento1gmail.com/Documents/PROJETOS/WebQuizMedicina/WebQuizMedicina/dataconnect`
 {"metadata":{"emulator":{"name":"dataconnect"},"message":"E1130 15:18:23.202789   80119 watch.go:31] Failed to load config from \"/Users/jbento1gmail.com/Documents/PROJETOS/WebQuizMedicina/WebQuizMedicina/dataconnect\": could not find dataconnect.yaml in `/Users/jbento1gmail.com/Documents/PROJETOS/WebQuizMedicina/WebQuizMedicina/dataconnect`\n"}}
[debug] [2025-11-30T18:18:33.201Z] E1130 15:18:33.201145   80119 watch.go:31] Failed to load config from "/Users/jbento1gmail.com/Documents/PROJETOS/WebQuizMedicina/WebQuizMedicina/dataconnect": could not find dataconnect.yaml in `/Users/jbento1gmail.com/Documents/PROJETOS/WebQuizMedicina/WebQuizMedicina/dataconnect`
 {"metadata":{"emulator":{"name":"dataconnect"},"message":"E1130 15:18:33.201145   80119 watch.go:31] Failed to load config from \"/Users/jbento1gmail.com/Documents/PROJETOS/WebQuizMedicina/WebQuizMedicina/dataconnect\": could not find dataconnect.yaml in `/Users/jbento1gmail.com/Documents/PROJETOS/WebQuizMedicina/WebQuizMedicina/dataconnect`\n"}}
[debug] [2025-11-30T18:18:43.199Z] E1130 15:18:43.199264   80119 watch.go:31] Failed to load config from "/Users/jbento1gmail.com/Documents/PROJETOS/WebQuizMedicina/WebQuizMedicina/dataconnect": could not find dataconnect.yaml in `/Users/jbento1gmail.com/Documents/PROJETOS/WebQuizMedicina/WebQuizMedicina/dataconnect`
 {"metadata":{"emulator":{"name":"dataconnect"},"message":"E1130 15:18:43.199264   80119 watch.go:31] Failed to load config from \"/Users/jbento1gmail.com/Documents/PROJETOS/WebQuizMedicina/WebQuizMedicina/dataconnect\": could not find dataconnect.yaml in `/Users/jbento1gmail.com/Documents/PROJETOS/WebQuizMedicina/WebQuizMedicina/dataconnect`\n"}}
[debug] [2025-11-30T18:18:53.199Z] E1130 15:18:53.199343   80119 watch.go:31] Failed to load config from "/Users/jbento1gmail.com/Documents/PROJETOS/WebQuizMedicina/WebQuizMedicina/dataconnect": could not find dataconnect.yaml in `/Users/jbento1gmail.com/Documents/PROJETOS/WebQuizMedicina/WebQuizMedicina/dataconnect`
 {"metadata":{"emulator":{"name":"dataconnect"},"message":"E1130 15:18:53.199343   80119 watch.go:31] Failed to load config from \"/Users/jbento1gmail.com/Documents/PROJETOS/WebQuizMedicina/WebQuizMedicina/dataconnect\": could not find dataconnect.yaml in `/Users/jbento1gmail.com/Documents/PROJETOS/WebQuizMedicina/WebQuizMedicina/dataconnect`\n"}}
[debug] [2025-11-30T18:19:03.199Z] E1130 15:19:03.199621   80119 watch.go:31] Failed to load config from "/Users/jbento1gmail.com/Documents/PROJETOS/WebQuizMedicina/WebQuizMedicina/dataconnect": could not find dataconnect.yaml in `/Users/jbento1gmail.com/Documents/PROJETOS/WebQuizMedicina/WebQuizMedicina/dataconnect`
 {"metadata":{"emulator":{"name":"dataconnect"},"message":"E1130 15:19:03.199621   80119 watch.go:31] Failed to load config from \"/Users/jbento1gmail.com/Documents/PROJETOS/WebQuizMedicina/WebQuizMedicina/dataconnect\": could not find dataconnect.yaml in `/Users/jbento1gmail.com/Documents/PROJETOS/WebQuizMedicina/WebQuizMedicina/dataconnect`\n"}}
[debug] [2025-11-30T18:19:13.199Z] E1130 15:19:13.199599   80119 watch.go:31] Failed to load config from "/Users/jbento1gmail.com/Documents/PROJETOS/WebQuizMedicina/WebQuizMedicina/dataconnect": could not find dataconnect.yaml in `/Users/jbento1gmail.com/Documents/PROJETOS/WebQuizMedicina/WebQuizMedicina/dataconnect`
 {"metadata":{"emulator":{"name":"dataconnect"},"message":"E1130 15:19:13.199599   80119 watch.go:31] Failed to load config from \"/Users/jbento1gmail.com/Documents/PROJETOS/WebQuizMedicina/WebQuizMedicina/dataconnect\": could not find dataconnect.yaml in `/Users/jbento1gmail.com/Documents/PROJETOS/WebQuizMedicina/WebQuizMedicina/dataconnect`\n"}}
[debug] [2025-11-30T18:19:23.199Z] E1130 15:19:23.199677   80119 watch.go:31] Failed to load config from "/Users/jbento1gmail.com/Documents/PROJETOS/WebQuizMedicina/WebQuizMedicina/dataconnect": could not find dataconnect.yaml in `/Users/jbento1gmail.com/Documents/PROJETOS/WebQuizMedicina/WebQuizMedicina/dataconnect`
 {"metadata":{"emulator":{"name":"dataconnect"},"message":"E1130 15:19:23.199677   80119 watch.go:31] Failed to load config from \"/Users/jbento1gmail.com/Documents/PROJETOS/WebQuizMedicina/WebQuizMedicina/dataconnect\": could not find dataconnect.yaml in `/Users/jbento1gmail.com/Documents/PROJETOS/WebQuizMedicina/WebQuizMedicina/dataconnect`\n"}}
[debug] [2025-11-30T18:19:33.200Z] E1130 15:19:33.199964   80119 watch.go:31] Failed to load config from "/Users/jbento1gmail.com/Documents/PROJETOS/WebQuizMedicina/WebQuizMedicina/dataconnect": could not find dataconnect.yaml in `/Users/jbento1gmail.com/Documents/PROJETOS/WebQuizMedicina/WebQuizMedicina/dataconnect`
 {"metadata":{"emulator":{"name":"dataconnect"},"message":"E1130 15:19:33.199964   80119 watch.go:31] Failed to load config from \"/Users/jbento1gmail.com/Documents/PROJETOS/WebQuizMedicina/WebQuizMedicina/dataconnect\": could not find dataconnect.yaml in `/Users/jbento1gmail.com/Documents/PROJETOS/WebQuizMedicina/WebQuizMedicina/dataconnect`\n"}}
[debug] [2025-11-30T18:19:43.199Z] E1130 15:19:43.199898   80119 watch.go:31] Failed to load config from "/Users/jbento1gmail.com/Documents/PROJETOS/WebQuizMedicina/WebQuizMedicina/dataconnect": could not find dataconnect.yaml in `/Users/jbento1gmail.com/Documents/PROJETOS/WebQuizMedicina/WebQuizMedicina/dataconnect`
E1130 15:19:43.199926   80119 watch.go:102] watchAllDir unable to walk dir `/Users/jbento1gmail.com/Documents/PROJETOS/WebQuizMedicina/WebQuizMedicina/dataconnect`: lstat /Users/jbento1gmail.com/Documents/PROJETOS/WebQuizMedicina/WebQuizMedicina/dataconnect: no such file or directory
 {"metadata":{"emulator":{"name":"dataconnect"},"message":"E1130 15:19:43.199898   80119 watch.go:31] Failed to load config from \"/Users/jbento1gmail.com/Documents/PROJETOS/WebQuizMedicina/WebQuizMedicina/dataconnect\": could not find dataconnect.yaml in `/Users/jbento1gmail.com/Documents/PROJETOS/WebQuizMedicina/WebQuizMedicina/dataconnect`\nE1130 15:19:43.199926   80119 watch.go:102] watchAllDir unable to walk dir `/Users/jbento1gmail.com/Documents/PROJETOS/WebQuizMedicina/WebQuizMedicina/dataconnect`: lstat /Users/jbento1gmail.com/Documents/PROJETOS/WebQuizMedicina/WebQuizMedicina/dataconnect: no such file or directory\n"}}
[debug] [2025-11-30T18:19:53.201Z] E1130 15:19:53.201526   80119 watch.go:31] Failed to load config from "/Users/jbento1gmail.com/Documents/PROJETOS/WebQuizMedicina/WebQuizMedicina/dataconnect": could not find dataconnect.yaml in `/Users/jbento1gmail.com/Documents/PROJETOS/WebQuizMedicina/WebQuizMedicina/dataconnect`
 {"metadata":{"emulator":{"name":"dataconnect"},"message":"E1130 15:19:53.201526   80119 watch.go:31] Failed to load config from \"/Users/jbento1gmail.com/Documents/PROJETOS/WebQuizMedicina/WebQuizMedicina/dataconnect\": could not find dataconnect.yaml in `/Users/jbento1gmail.com/Documents/PROJETOS/WebQuizMedicina/WebQuizMedicina/dataconnect`\n"}}
[debug] [2025-11-30T18:20:03.200Z] E1130 15:20:03.199851   80119 watch.go:31] Failed to load config from "/Users/jbento1gmail.com/Documents/PROJETOS/WebQuizMedicina/WebQuizMedicina/dataconnect": could not find dataconnect.yaml in `/Users/jbento1gmail.com/Documents/PROJETOS/WebQuizMedicina/WebQuizMedicina/dataconnect`
 {"metadata":{"emulator":{"name":"dataconnect"},"message":"E1130 15:20:03.199851   80119 watch.go:31] Failed to load config from \"/Users/jbento1gmail.com/Documents/PROJETOS/WebQuizMedicina/WebQuizMedicina/dataconnect\": could not find dataconnect.yaml in `/Users/jbento1gmail.com/Documents/PROJETOS/WebQuizMedicina/WebQuizMedicina/dataconnect`\n"}}
[debug] [2025-11-30T18:20:13.200Z] E1130 15:20:13.200251   80119 watch.go:31] Failed to load config from "/Users/jbento1gmail.com/Documents/PROJETOS/WebQuizMedicina/WebQuizMedicina/dataconnect": could not find dataconnect.yaml in `/Users/jbento1gmail.com/Documents/PROJETOS/WebQuizMedicina/WebQuizMedicina/dataconnect`
 {"metadata":{"emulator":{"name":"dataconnect"},"message":"E1130 15:20:13.200251   80119 watch.go:31] Failed to load config from \"/Users/jbento1gmail.com/Documents/PROJETOS/WebQuizMedicina/WebQuizMedicina/dataconnect\": could not find dataconnect.yaml in `/Users/jbento1gmail.com/Documents/PROJETOS/WebQuizMedicina/WebQuizMedicina/dataconnect`\n"}}
[debug] [2025-11-30T18:20:23.200Z] E1130 15:20:23.200630   80119 watch.go:31] Failed to load config from "/Users/jbento1gmail.com/Documents/PROJETOS/WebQuizMedicina/WebQuizMedicina/dataconnect": could not find dataconnect.yaml in `/Users/jbento1gmail.com/Documents/PROJETOS/WebQuizMedicina/WebQuizMedicina/dataconnect`
 {"metadata":{"emulator":{"name":"dataconnect"},"message":"E1130 15:20:23.200630   80119 watch.go:31] Failed to load config from \"/Users/jbento1gmail.com/Documents/PROJETOS/WebQuizMedicina/WebQuizMedicina/dataconnect\": could not find dataconnect.yaml in `/Users/jbento1gmail.com/Documents/PROJETOS/WebQuizMedicina/WebQuizMedicina/dataconnect`\n"}}
[debug] [2025-11-30T18:20:23.256Z] [Firebase Plugin] Value of process.env.MONOSPACE_ENV: undefined
[debug] [2025-11-30T18:20:23.257Z] [Firebase Plugin] requireAuthWrapper
[debug] [2025-11-30T18:20:23.257Z] > command requires scopes: ["email","openid","https://www.googleapis.com/auth/cloudplatformprojects.readonly","https://www.googleapis.com/auth/firebase","https://www.googleapis.com/auth/cloud-platform"]
[debug] [2025-11-30T18:20:23.257Z] > authorizing via signed-in user (jbento1@gmail.com)
[debug] [2025-11-30T18:20:23.257Z] Checked if tokens are valid: true, expires at: 1764530145646
[debug] [2025-11-30T18:20:23.257Z] [Firebase Plugin] User found:  jbento1@gmail.com
[info] [Firebase Plugin] (Core:Project) New user detected, fetching projects
[debug] [2025-11-30T18:20:23.258Z] Checked if tokens are valid: true, expires at: 1764530145646
[debug] [2025-11-30T18:20:23.258Z] >>> [apiv2][query] GET https://firebase.googleapis.com/v1beta1/projects pageSize=1000
[debug] [2025-11-30T18:20:23.263Z] [Firebase Plugin] Value of process.env.MONOSPACE_ENV: undefined
[debug] [2025-11-30T18:20:23.263Z] [Firebase Plugin] requireAuthWrapper
[debug] [2025-11-30T18:20:23.263Z] > command requires scopes: ["email","openid","https://www.googleapis.com/auth/cloudplatformprojects.readonly","https://www.googleapis.com/auth/firebase","https://www.googleapis.com/auth/cloud-platform"]
[debug] [2025-11-30T18:20:23.263Z] > authorizing via signed-in user (jbento1@gmail.com)
[debug] [2025-11-30T18:20:23.264Z] Checked if tokens are valid: true, expires at: 1764530145646
[debug] [2025-11-30T18:20:23.264Z] [Firebase Plugin] User found:  jbento1@gmail.com
[info] [Firebase Plugin] (Core:Project) New user detected, fetching projects
[debug] [2025-11-30T18:20:23.264Z] Checked if tokens are valid: true, expires at: 1764530145646
[debug] [2025-11-30T18:20:23.264Z] >>> [apiv2][query] GET https://firebase.googleapis.com/v1beta1/projects pageSize=1000
[debug] [2025-11-30T18:20:23.269Z] Emulator locator file path: /var/folders/x3/_rjtg56160l4jrj74snqdn4h0000gn/T/hub-web-quiz-medicina.json
[debug] [2025-11-30T18:20:24.018Z] <<< [apiv2][status] GET https://firebase.googleapis.com/v1beta1/projects 200
[debug] [2025-11-30T18:20:24.018Z] <<< [apiv2][body] GET https://firebase.googleapis.com/v1beta1/projects [omitted]
[debug] [2025-11-30T18:20:24.062Z] <<< [apiv2][status] GET https://firebase.googleapis.com/v1beta1/projects 200
[debug] [2025-11-30T18:20:24.063Z] <<< [apiv2][body] GET https://firebase.googleapis.com/v1beta1/projects [omitted]
[debug] [2025-11-30T18:20:33.200Z] E1130 15:20:33.200441   80119 watch.go:31] Failed to load config from "/Users/jbento1gmail.com/Documents/PROJETOS/WebQuizMedicina/WebQuizMedicina/dataconnect": could not find dataconnect.yaml in `/Users/jbento1gmail.com/Documents/PROJETOS/WebQuizMedicina/WebQuizMedicina/dataconnect`
 {"metadata":{"emulator":{"name":"dataconnect"},"message":"E1130 15:20:33.200441   80119 watch.go:31] Failed to load config from \"/Users/jbento1gmail.com/Documents/PROJETOS/WebQuizMedicina/WebQuizMedicina/dataconnect\": could not find dataconnect.yaml in `/Users/jbento1gmail.com/Documents/PROJETOS/WebQuizMedicina/WebQuizMedicina/dataconnect`\n"}}
[debug] [2025-11-30T18:20:43.200Z] E1130 15:20:43.200684   80119 watch.go:31] Failed to load config from "/Users/jbento1gmail.com/Documents/PROJETOS/WebQuizMedicina/WebQuizMedicina/dataconnect": could not find dataconnect.yaml in `/Users/jbento1gmail.com/Documents/PROJETOS/WebQuizMedicina/WebQuizMedicina/dataconnect`
 {"metadata":{"emulator":{"name":"dataconnect"},"message":"E1130 15:20:43.200684   80119 watch.go:31] Failed to load config from \"/Users/jbento1gmail.com/Documents/PROJETOS/WebQuizMedicina/WebQuizMedicina/dataconnect\": could not find dataconnect.yaml in `/Users/jbento1gmail.com/Documents/PROJETOS/WebQuizMedicina/WebQuizMedicina/dataconnect`\n"}}
[debug] [2025-11-30T18:20:53.201Z] E1130 15:20:53.201099   80119 watch.go:31] Failed to load config from "/Users/jbento1gmail.com/Documents/PROJETOS/WebQuizMedicina/WebQuizMedicina/dataconnect": could not find dataconnect.yaml in `/Users/jbento1gmail.com/Documents/PROJETOS/WebQuizMedicina/WebQuizMedicina/dataconnect`
 {"metadata":{"emulator":{"name":"dataconnect"},"message":"E1130 15:20:53.201099   80119 watch.go:31] Failed to load config from \"/Users/jbento1gmail.com/Documents/PROJETOS/WebQuizMedicina/WebQuizMedicina/dataconnect\": could not find dataconnect.yaml in `/Users/jbento1gmail.com/Documents/PROJETOS/WebQuizMedicina/WebQuizMedicina/dataconnect`\n"}}
[debug] [2025-11-30T18:21:03.201Z] E1130 15:21:03.201378   80119 watch.go:31] Failed to load config from "/Users/jbento1gmail.com/Documents/PROJETOS/WebQuizMedicina/WebQuizMedicina/dataconnect": could not find dataconnect.yaml in `/Users/jbento1gmail.com/Documents/PROJETOS/WebQuizMedicina/WebQuizMedicina/dataconnect`
 {"metadata":{"emulator":{"name":"dataconnect"},"message":"E1130 15:21:03.201378   80119 watch.go:31] Failed to load config from \"/Users/jbento1gmail.com/Documents/PROJETOS/WebQuizMedicina/WebQuizMedicina/dataconnect\": could not find dataconnect.yaml in `/Users/jbento1gmail.com/Documents/PROJETOS/WebQuizMedicina/WebQuizMedicina/dataconnect`\n"}}
[debug] [2025-11-30T18:21:13.200Z] E1130 15:21:13.200025   80119 watch.go:31] Failed to load config from "/Users/jbento1gmail.com/Documents/PROJETOS/WebQuizMedicina/WebQuizMedicina/dataconnect": could not find dataconnect.yaml in `/Users/jbento1gmail.com/Documents/PROJETOS/WebQuizMedicina/WebQuizMedicina/dataconnect`
 {"metadata":{"emulator":{"name":"dataconnect"},"message":"E1130 15:21:13.200025   80119 watch.go:31] Failed to load config from \"/Users/jbento1gmail.com/Documents/PROJETOS/WebQuizMedicina/WebQuizMedicina/dataconnect\": could not find dataconnect.yaml in `/Users/jbento1gmail.com/Documents/PROJETOS/WebQuizMedicina/WebQuizMedicina/dataconnect`\n"}}
[debug] [2025-11-30T18:21:23.201Z] E1130 15:21:23.201148   80119 watch.go:31] Failed to load config from "/Users/jbento1gmail.com/Documents/PROJETOS/WebQuizMedicina/WebQuizMedicina/dataconnect": could not find dataconnect.yaml in `/Users/jbento1gmail.com/Documents/PROJETOS/WebQuizMedicina/WebQuizMedicina/dataconnect`
 {"metadata":{"emulator":{"name":"dataconnect"},"message":"E1130 15:21:23.201148   80119 watch.go:31] Failed to load config from \"/Users/jbento1gmail.com/Documents/PROJETOS/WebQuizMedicina/WebQuizMedicina/dataconnect\": could not find dataconnect.yaml in `/Users/jbento1gmail.com/Documents/PROJETOS/WebQuizMedicina/WebQuizMedicina/dataconnect`\n"}}
[debug] [2025-11-30T18:21:33.200Z] E1130 15:21:33.200383   80119 watch.go:31] Failed to load config from "/Users/jbento1gmail.com/Documents/PROJETOS/WebQuizMedicina/WebQuizMedicina/dataconnect": could not find dataconnect.yaml in `/Users/jbento1gmail.com/Documents/PROJETOS/WebQuizMedicina/WebQuizMedicina/dataconnect`
 {"metadata":{"emulator":{"name":"dataconnect"},"message":"E1130 15:21:33.200383   80119 watch.go:31] Failed to load config from \"/Users/jbento1gmail.com/Documents/PROJETOS/WebQuizMedicina/WebQuizMedicina/dataconnect\": could not find dataconnect.yaml in `/Users/jbento1gmail.com/Documents/PROJETOS/WebQuizMedicina/WebQuizMedicina/dataconnect`\n"}}
[debug] [2025-11-30T18:21:43.201Z] E1130 15:21:43.201418   80119 watch.go:31] Failed to load config from "/Users/jbento1gmail.com/Documents/PROJETOS/WebQuizMedicina/WebQuizMedicina/dataconnect": could not find dataconnect.yaml in `/Users/jbento1gmail.com/Documents/PROJETOS/WebQuizMedicina/WebQuizMedicina/dataconnect`
E1130 15:21:43.201444   80119 watch.go:102] watchAllDir unable to walk dir `/Users/jbento1gmail.com/Documents/PROJETOS/WebQuizMedicina/WebQuizMedicina/dataconnect`: lstat /Users/jbento1gmail.com/Documents/PROJETOS/WebQuizMedicina/WebQuizMedicina/dataconnect: no such file or directory
 {"metadata":{"emulator":{"name":"dataconnect"},"message":"E1130 15:21:43.201418   80119 watch.go:31] Failed to load config from \"/Users/jbento1gmail.com/Documents/PROJETOS/WebQuizMedicina/WebQuizMedicina/dataconnect\": could not find dataconnect.yaml in `/Users/jbento1gmail.com/Documents/PROJETOS/WebQuizMedicina/WebQuizMedicina/dataconnect`\nE1130 15:21:43.201444   80119 watch.go:102] watchAllDir unable to walk dir `/Users/jbento1gmail.com/Documents/PROJETOS/WebQuizMedicina/WebQuizMedicina/dataconnect`: lstat /Users/jbento1gmail.com/Documents/PROJETOS/WebQuizMedicina/WebQuizMedicina/dataconnect: no such file or directory\n"}}
[debug] [2025-11-30T18:21:53.200Z] E1130 15:21:53.200604   80119 watch.go:31] Failed to load config from "/Users/jbento1gmail.com/Documents/PROJETOS/WebQuizMedicina/WebQuizMedicina/dataconnect": could not find dataconnect.yaml in `/Users/jbento1gmail.com/Documents/PROJETOS/WebQuizMedicina/WebQuizMedicina/dataconnect`
 {"metadata":{"emulator":{"name":"dataconnect"},"message":"E1130 15:21:53.200604   80119 watch.go:31] Failed to load config from \"/Users/jbento1gmail.com/Documents/PROJETOS/WebQuizMedicina/WebQuizMedicina/dataconnect\": could not find dataconnect.yaml in `/Users/jbento1gmail.com/Documents/PROJETOS/WebQuizMedicina/WebQuizMedicina/dataconnect`\n"}}
[info] [Firebase Plugin] Stopping Data Connect toolkit
[warn] ⚠  Data Connect Emulator has exited upon receiving signal: SIGINT 
